[2026-04-11 12:33:49] ============================================================
[2026-04-11 12:33:49] PAPER 8 EXPERIMENT A: VISUAL SHUFFLING CASCADE
[2026-04-11 12:33:49] ============================================================
[2026-04-11 12:33:49] 
Loading CIFAR-100...
[2026-04-11 12:33:52] Train: (50000, 32, 32, 3), Eval: (10000, 32, 32, 3)
[2026-04-11 12:33:52] Pixel variance: 0.071927
[2026-04-11 12:33:52] Theoretical max bits/pixel (vs quantization noise): 7.89
[2026-04-11 12:33:52] 
============================================================
[2026-04-11 12:33:52] Training next-patch predictor (seed=42)
[2026-04-11 12:33:52] ============================================================
[2026-04-11 12:33:53] Model: 384d, 6L, 6H, 14,353,728 params
[2026-04-11 12:33:53] Patches per image: 16 (8×8 patches)
[2026-04-11 12:33:53] Patch dim: 192 (raw pixel values)
/home/user1-gpu/agi-extensions/paper8/p8a_visual_shuffling_cascade/run_p8a.py:294: FutureWarning: `torch.cuda.amp.GradScaler(args...)` is deprecated. Please use `torch.amp.GradScaler('cuda', args...)` instead.
  scaler = GradScaler()
/home/user1-gpu/agi-extensions/paper8/p8a_visual_shuffling_cascade/run_p8a.py:318: FutureWarning: `torch.cuda.amp.autocast(args...)` is deprecated. Please use `torch.amp.autocast('cuda', args...)` instead.
  with autocast():
[2026-04-11 12:33:56]   step 200/30000, loss=0.058607, lr=0.000060
[2026-04-11 12:33:58]   step 400/30000, loss=0.058669, lr=0.000120
[2026-04-11 12:34:00]   step 600/30000, loss=0.063182, lr=0.000180
[2026-04-11 12:34:02]   step 800/30000, loss=0.051595, lr=0.000240
[2026-04-11 12:34:04]   step 1000/30000, loss=0.058167, lr=0.000300
[2026-04-11 12:34:06]   step 1200/30000, loss=0.049940, lr=0.000300
[2026-04-11 12:34:09]   step 1400/30000, loss=0.040268, lr=0.000300
[2026-04-11 12:34:11]   step 1600/30000, loss=0.036128, lr=0.000300
[2026-04-11 12:34:13]   step 1800/30000, loss=0.032157, lr=0.000299
[2026-04-11 12:34:15]   step 2000/30000, loss=0.028990, lr=0.000299
[2026-04-11 12:34:17]   step 2200/30000, loss=0.032063, lr=0.000299
[2026-04-11 12:34:19]   step 2400/30000, loss=0.034795, lr=0.000298
[2026-04-11 12:34:21]   step 2600/30000, loss=0.026567, lr=0.000298
[2026-04-11 12:34:23]   step 2800/30000, loss=0.025796, lr=0.000297
[2026-04-11 12:34:25]   step 3000/30000, loss=0.024890, lr=0.000296
[2026-04-11 12:34:28]   step 3200/30000, loss=0.027358, lr=0.000296
[2026-04-11 12:34:30]   step 3400/30000, loss=0.025346, lr=0.000295
[2026-04-11 12:34:32]   step 3600/30000, loss=0.023825, lr=0.000294
[2026-04-11 12:34:34]   step 3800/30000, loss=0.022132, lr=0.000293
[2026-04-11 12:34:36]   step 4000/30000, loss=0.022172, lr=0.000292
[2026-04-11 12:34:38]   step 4200/30000, loss=0.023361, lr=0.000291
[2026-04-11 12:34:40]   step 4400/30000, loss=0.020753, lr=0.000290
[2026-04-11 12:34:42]   step 4600/30000, loss=0.021970, lr=0.000289
[2026-04-11 12:34:44]   step 4800/30000, loss=0.020952, lr=0.000287
[2026-04-11 12:34:46]   step 5000/30000, loss=0.022108, lr=0.000286
/home/user1-gpu/agi-extensions/paper8/p8a_visual_shuffling_cascade/run_p8a.py:231: FutureWarning: `torch.cuda.amp.autocast(args...)` is deprecated. Please use `torch.amp.autocast('cuda', args...)` instead.
  with autocast():
[2026-04-11 12:34:47]   EVAL step 5000: MSE=0.022529, bits/pixel=0.8365
[2026-04-11 12:34:49]   step 5200/30000, loss=0.025312, lr=0.000285
[2026-04-11 12:34:51]   step 5400/30000, loss=0.020793, lr=0.000283
[2026-04-11 12:34:53]   step 5600/30000, loss=0.022169, lr=0.000282
[2026-04-11 12:34:55]   step 5800/30000, loss=0.022909, lr=0.000280
[2026-04-11 12:34:57]   step 6000/30000, loss=0.022809, lr=0.000279
[2026-04-11 12:34:59]   step 6200/30000, loss=0.021260, lr=0.000277
[2026-04-11 12:35:01]   step 6400/30000, loss=0.020543, lr=0.000275
[2026-04-11 12:35:03]   step 6600/30000, loss=0.023677, lr=0.000273
[2026-04-11 12:35:05]   step 6800/30000, loss=0.021171, lr=0.000271
[2026-04-11 12:35:07]   step 7000/30000, loss=0.022595, lr=0.000269
[2026-04-11 12:35:09]   step 7200/30000, loss=0.019774, lr=0.000267
[2026-04-11 12:35:11]   step 7400/30000, loss=0.019977, lr=0.000265
[2026-04-11 12:35:13]   step 7600/30000, loss=0.020078, lr=0.000263
[2026-04-11 12:35:15]   step 7800/30000, loss=0.023901, lr=0.000261
[2026-04-11 12:35:17]   step 8000/30000, loss=0.020495, lr=0.000259
[2026-04-11 12:35:19]   step 8200/30000, loss=0.022601, lr=0.000257
[2026-04-11 12:35:21]   step 8400/30000, loss=0.020461, lr=0.000254
[2026-04-11 12:35:24]   step 8600/30000, loss=0.021463, lr=0.000252
[2026-04-11 12:35:25]   step 8800/30000, loss=0.018153, lr=0.000250
[2026-04-11 12:35:27]   step 9000/30000, loss=0.018048, lr=0.000247
[2026-04-11 12:35:29]   step 9200/30000, loss=0.020504, lr=0.000245
[2026-04-11 12:35:32]   step 9400/30000, loss=0.020634, lr=0.000242
[2026-04-11 12:35:34]   step 9600/30000, loss=0.022064, lr=0.000239
[2026-04-11 12:35:35]   step 9800/30000, loss=0.021791, lr=0.000237
[2026-04-11 12:35:37]   step 10000/30000, loss=0.022421, lr=0.000234
[2026-04-11 12:35:38]   EVAL step 10000: MSE=0.021355, bits/pixel=0.8751
[2026-04-11 12:35:40]   step 10200/30000, loss=0.020341, lr=0.000231
[2026-04-11 12:35:42]   step 10400/30000, loss=0.018810, lr=0.000229
[2026-04-11 12:35:44]   step 10600/30000, loss=0.021724, lr=0.000226
[2026-04-11 12:35:46]   step 10800/30000, loss=0.019065, lr=0.000223
[2026-04-11 12:35:48]   step 11000/30000, loss=0.020117, lr=0.000220
[2026-04-11 12:35:50]   step 11200/30000, loss=0.020212, lr=0.000217
[2026-04-11 12:35:52]   step 11400/30000, loss=0.020802, lr=0.000214
[2026-04-11 12:35:54]   step 11600/30000, loss=0.018592, lr=0.000212
[2026-04-11 12:35:56]   step 11800/30000, loss=0.019210, lr=0.000209
[2026-04-11 12:35:58]   step 12000/30000, loss=0.018802, lr=0.000206
[2026-04-11 12:36:00]   step 12200/30000, loss=0.021694, lr=0.000202
[2026-04-11 12:36:02]   step 12400/30000, loss=0.019000, lr=0.000199
[2026-04-11 12:36:04]   step 12600/30000, loss=0.017283, lr=0.000196
[2026-04-11 12:36:06]   step 12800/30000, loss=0.018372, lr=0.000193
[2026-04-11 12:36:08]   step 13000/30000, loss=0.020716, lr=0.000190
[2026-04-11 12:36:10]   step 13200/30000, loss=0.018306, lr=0.000187
[2026-04-11 12:36:13]   step 13400/30000, loss=0.017968, lr=0.000184
[2026-04-11 12:36:15]   step 13600/30000, loss=0.021068, lr=0.000181
[2026-04-11 12:36:17]   step 13800/30000, loss=0.017491, lr=0.000177
[2026-04-11 12:36:19]   step 14000/30000, loss=0.019490, lr=0.000174
[2026-04-11 12:36:21]   step 14200/30000, loss=0.019038, lr=0.000171
[2026-04-11 12:36:23]   step 14400/30000, loss=0.019195, lr=0.000168
[2026-04-11 12:36:25]   step 14600/30000, loss=0.018879, lr=0.000165
[2026-04-11 12:36:27]   step 14800/30000, loss=0.018011, lr=0.000161
[2026-04-11 12:36:29]   step 15000/30000, loss=0.017587, lr=0.000158
[2026-04-11 12:36:29]   EVAL step 15000: MSE=0.021647, bits/pixel=0.8654
[2026-04-11 12:36:31]   step 15200/30000, loss=0.018963, lr=0.000155
[2026-04-11 12:36:33]   step 15400/30000, loss=0.018825, lr=0.000152
[2026-04-11 12:36:35]   step 15600/30000, loss=0.016378, lr=0.000148
[2026-04-11 12:36:37]   step 15800/30000, loss=0.017706, lr=0.000145
[2026-04-11 12:36:39]   step 16000/30000, loss=0.018450, lr=0.000142
[2026-04-11 12:36:41]   step 16200/30000, loss=0.017222, lr=0.000139
[2026-04-11 12:36:43]   step 16400/30000, loss=0.018271, lr=0.000135
[2026-04-11 12:36:45]   step 16600/30000, loss=0.016903, lr=0.000132
[2026-04-11 12:36:47]   step 16800/30000, loss=0.015831, lr=0.000129
[2026-04-11 12:36:49]   step 17000/30000, loss=0.017662, lr=0.000126
[2026-04-11 12:36:51]   step 17200/30000, loss=0.015274, lr=0.000123
[2026-04-11 12:36:53]   step 17400/30000, loss=0.014018, lr=0.000119
[2026-04-11 12:36:55]   step 17600/30000, loss=0.015764, lr=0.000116
[2026-04-11 12:36:57]   step 17800/30000, loss=0.014529, lr=0.000113
[2026-04-11 12:36:59]   step 18000/30000, loss=0.013859, lr=0.000110
[2026-04-11 12:37:01]   step 18200/30000, loss=0.014834, lr=0.000107
[2026-04-11 12:37:03]   step 18400/30000, loss=0.014239, lr=0.000104
[2026-04-11 12:37:05]   step 18600/30000, loss=0.013491, lr=0.000101
[2026-04-11 12:37:08]   step 18800/30000, loss=0.014010, lr=0.000098
[2026-04-11 12:37:10]   step 19000/30000, loss=0.014245, lr=0.000094
[2026-04-11 12:37:11]   step 19200/30000, loss=0.014914, lr=0.000091
[2026-04-11 12:37:14]   step 19400/30000, loss=0.015051, lr=0.000088
[2026-04-11 12:37:16]   step 19600/30000, loss=0.014040, lr=0.000086
[2026-04-11 12:37:18]   step 19800/30000, loss=0.013062, lr=0.000083
[2026-04-11 12:37:20]   step 20000/30000, loss=0.013140, lr=0.000080
[2026-04-11 12:37:20]   EVAL step 20000: MSE=0.022504, bits/pixel=0.8373
[2026-04-11 12:37:22]   step 20200/30000, loss=0.013030, lr=0.000077
[2026-04-11 12:37:24]   step 20400/30000, loss=0.013897, lr=0.000074
[2026-04-11 12:37:26]   step 20600/30000, loss=0.014350, lr=0.000071
[2026-04-11 12:37:28]   step 20800/30000, loss=0.013468, lr=0.000069
[2026-04-11 12:37:30]   step 21000/30000, loss=0.013926, lr=0.000066
[2026-04-11 12:37:32]   step 21200/30000, loss=0.013323, lr=0.000063
[2026-04-11 12:37:34]   step 21400/30000, loss=0.011759, lr=0.000061
[2026-04-11 12:37:36]   step 21600/30000, loss=0.013092, lr=0.000058
[2026-04-11 12:37:38]   step 21800/30000, loss=0.011403, lr=0.000055
[2026-04-11 12:37:40]   step 22000/30000, loss=0.011963, lr=0.000053
[2026-04-11 12:37:42]   step 22200/30000, loss=0.012804, lr=0.000050
[2026-04-11 12:37:44]   step 22400/30000, loss=0.011835, lr=0.000048
[2026-04-11 12:37:46]   step 22600/30000, loss=0.012844, lr=0.000046
[2026-04-11 12:37:48]   step 22800/30000, loss=0.010885, lr=0.000043
[2026-04-11 12:37:50]   step 23000/30000, loss=0.011767, lr=0.000041
[2026-04-11 12:37:52]   step 23200/30000, loss=0.012414, lr=0.000039
[2026-04-11 12:37:54]   step 23400/30000, loss=0.011550, lr=0.000037
[2026-04-11 12:37:56]   step 23600/30000, loss=0.011480, lr=0.000035
[2026-04-11 12:37:58]   step 23800/30000, loss=0.011858, lr=0.000033
[2026-04-11 12:38:00]   step 24000/30000, loss=0.012006, lr=0.000031
[2026-04-11 12:38:02]   step 24200/30000, loss=0.011072, lr=0.000029
[2026-04-11 12:38:05]   step 24400/30000, loss=0.011727, lr=0.000027
[2026-04-11 12:38:07]   step 24600/30000, loss=0.010867, lr=0.000025
[2026-04-11 12:38:08]   step 24800/30000, loss=0.010853, lr=0.000023
[2026-04-11 12:38:11]   step 25000/30000, loss=0.010037, lr=0.000021
[2026-04-11 12:38:11]   EVAL step 25000: MSE=0.024141, bits/pixel=0.7867
[2026-04-11 12:38:13]   step 25200/30000, loss=0.011076, lr=0.000020
[2026-04-11 12:38:15]   step 25400/30000, loss=0.011346, lr=0.000018
[2026-04-11 12:38:17]   step 25600/30000, loss=0.011535, lr=0.000017
[2026-04-11 12:38:19]   step 25800/30000, loss=0.009670, lr=0.000015
[2026-04-11 12:38:21]   step 26000/30000, loss=0.010573, lr=0.000014
[2026-04-11 12:38:23]   step 26200/30000, loss=0.009833, lr=0.000013
[2026-04-11 12:38:25]   step 26400/30000, loss=0.010026, lr=0.000011
[2026-04-11 12:38:27]   step 26600/30000, loss=0.010152, lr=0.000010
[2026-04-11 12:38:29]   step 26800/30000, loss=0.009256, lr=0.000009
[2026-04-11 12:38:31]   step 27000/30000, loss=0.010494, lr=0.000008
[2026-04-11 12:38:33]   step 27200/30000, loss=0.010673, lr=0.000007
[2026-04-11 12:38:35]   step 27400/30000, loss=0.010360, lr=0.000006
[2026-04-11 12:38:37]   step 27600/30000, loss=0.010876, lr=0.000005
[2026-04-11 12:38:39]   step 27800/30000, loss=0.010057, lr=0.000004
[2026-04-11 12:38:41]   step 28000/30000, loss=0.009917, lr=0.000004
[2026-04-11 12:38:44]   step 28200/30000, loss=0.010649, lr=0.000003
[2026-04-11 12:38:46]   step 28400/30000, loss=0.010348, lr=0.000002
[2026-04-11 12:38:48]   step 28600/30000, loss=0.010443, lr=0.000002
[2026-04-11 12:38:50]   step 28800/30000, loss=0.010832, lr=0.000001
[2026-04-11 12:38:52]   step 29000/30000, loss=0.010128, lr=0.000001
[2026-04-11 12:38:54]   step 29200/30000, loss=0.009999, lr=0.000001
[2026-04-11 12:38:56]   step 29400/30000, loss=0.010310, lr=0.000000
[2026-04-11 12:38:58]   step 29600/30000, loss=0.009824, lr=0.000000
[2026-04-11 12:39:00]   step 29800/30000, loss=0.009417, lr=0.000000
[2026-04-11 12:39:02]   step 30000/30000, loss=0.010395, lr=0.000000
[2026-04-11 12:39:03]   EVAL step 30000: MSE=0.024636, bits/pixel=0.7720
[2026-04-11 12:39:03] Training complete: 0.09h, 14,353,728 params
[2026-04-11 12:39:03] 
Evaluating shuffling cascade (seed=42)...
[2026-04-11 12:39:04]   original                 : MSE=0.024969, bits/pixel=0.7624, bits/patch=146.37
[2026-04-11 12:39:06]   quadrant_shuffled        : MSE=0.046574, bits/pixel=0.3127, bits/patch=60.03
[2026-04-11 12:39:08]   patch_shuffled           : MSE=0.079499, bits/pixel=0.0000, bits/patch=0.00
[2026-04-11 12:39:10]   row_shuffled             : MSE=0.070993, bits/pixel=0.0086, bits/patch=1.65
[2026-04-11 12:39:12]   pixel_shuffled           : MSE=0.079910, bits/pixel=0.0000, bits/patch=0.00
[2026-04-11 12:39:12] 
  STRUCTURAL BONUS (seed=42): -0.7624 bits/pixel
[2026-04-11 12:39:12]   (Language structural bonus from Paper 6: ~6.7 bits/token)
[2026-04-11 12:39:13] Git push: seed 42 committed
[2026-04-11 12:39:13] 
============================================================
[2026-04-11 12:39:13] Training next-patch predictor (seed=137)
[2026-04-11 12:39:13] ============================================================
[2026-04-11 12:39:14] Model: 384d, 6L, 6H, 14,353,728 params
[2026-04-11 12:39:14] Patches per image: 16 (8×8 patches)
[2026-04-11 12:39:14] Patch dim: 192 (raw pixel values)
/home/user1-gpu/agi-extensions/paper8/p8a_visual_shuffling_cascade/run_p8a.py:294: FutureWarning: `torch.cuda.amp.GradScaler(args...)` is deprecated. Please use `torch.amp.GradScaler('cuda', args...)` instead.
  scaler = GradScaler()
/home/user1-gpu/agi-extensions/paper8/p8a_visual_shuffling_cascade/run_p8a.py:318: FutureWarning: `torch.cuda.amp.autocast(args...)` is deprecated. Please use `torch.amp.autocast('cuda', args...)` instead.
  with autocast():
[2026-04-11 12:39:16]   step 200/30000, loss=0.066413, lr=0.000060
[2026-04-11 12:39:18]   step 400/30000, loss=0.055295, lr=0.000120
[2026-04-11 12:39:20]   step 600/30000, loss=0.062832, lr=0.000180
[2026-04-11 12:39:22]   step 800/30000, loss=0.050247, lr=0.000240
[2026-04-11 12:39:24]   step 1000/30000, loss=0.061441, lr=0.000300
[2026-04-11 12:39:26]   step 1200/30000, loss=0.051064, lr=0.000300
[2026-04-11 12:39:28]   step 1400/30000, loss=0.039110, lr=0.000300
[2026-04-11 12:39:31]   step 1600/30000, loss=0.031607, lr=0.000300
[2026-04-11 12:39:33]   step 1800/30000, loss=0.035464, lr=0.000299
[2026-04-11 12:39:35]   step 2000/30000, loss=0.033174, lr=0.000299
[2026-04-11 12:39:37]   step 2200/30000, loss=0.029133, lr=0.000299
[2026-04-11 12:39:39]   step 2400/30000, loss=0.028277, lr=0.000298
[2026-04-11 12:39:41]   step 2600/30000, loss=0.028630, lr=0.000298
[2026-04-11 12:39:43]   step 2800/30000, loss=0.023599, lr=0.000297
[2026-04-11 12:39:45]   step 3000/30000, loss=0.023138, lr=0.000296
[2026-04-11 12:39:47]   step 3200/30000, loss=0.022597, lr=0.000296
[2026-04-11 12:39:49]   step 3400/30000, loss=0.021467, lr=0.000295
[2026-04-11 12:39:51]   step 3600/30000, loss=0.027313, lr=0.000294
[2026-04-11 12:39:53]   step 3800/30000, loss=0.023432, lr=0.000293
[2026-04-11 12:39:56]   step 4000/30000, loss=0.022280, lr=0.000292
[2026-04-11 12:39:58]   step 4200/30000, loss=0.023757, lr=0.000291
[2026-04-11 12:40:00]   step 4400/30000, loss=0.024413, lr=0.000290
[2026-04-11 12:40:02]   step 4600/30000, loss=0.023138, lr=0.000289
[2026-04-11 12:40:04]   step 4800/30000, loss=0.027643, lr=0.000287
[2026-04-11 12:40:06]   step 5000/30000, loss=0.023424, lr=0.000286
/home/user1-gpu/agi-extensions/paper8/p8a_visual_shuffling_cascade/run_p8a.py:231: FutureWarning: `torch.cuda.amp.autocast(args...)` is deprecated. Please use `torch.amp.autocast('cuda', args...)` instead.
  with autocast():
[2026-04-11 12:40:06]   EVAL step 5000: MSE=0.022894, bits/pixel=0.8249
[2026-04-11 12:40:08]   step 5200/30000, loss=0.023201, lr=0.000285
[2026-04-11 12:40:10]   step 5400/30000, loss=0.024945, lr=0.000283
[2026-04-11 12:40:12]   step 5600/30000, loss=0.022772, lr=0.000282
[2026-04-11 12:40:14]   step 5800/30000, loss=0.022714, lr=0.000280
[2026-04-11 12:40:16]   step 6000/30000, loss=0.022478, lr=0.000279
[2026-04-11 12:40:18]   step 6200/30000, loss=0.020774, lr=0.000277
[2026-04-11 12:40:20]   step 6400/30000, loss=0.022002, lr=0.000275
[2026-04-11 12:40:22]   step 6600/30000, loss=0.022063, lr=0.000273
[2026-04-11 12:40:24]   step 6800/30000, loss=0.020877, lr=0.000271
[2026-04-11 12:40:26]   step 7000/30000, loss=0.022093, lr=0.000269
[2026-04-11 12:40:29]   step 7200/30000, loss=0.021800, lr=0.000267
[2026-04-11 12:40:31]   step 7400/30000, loss=0.024655, lr=0.000265
[2026-04-11 12:40:32]   step 7600/30000, loss=0.021294, lr=0.000263
[2026-04-11 12:40:34]   step 7800/30000, loss=0.020993, lr=0.000261
[2026-04-11 12:40:36]   step 8000/30000, loss=0.020868, lr=0.000259
[2026-04-11 12:40:38]   step 8200/30000, loss=0.021040, lr=0.000257
[2026-04-11 12:40:40]   step 8400/30000, loss=0.022754, lr=0.000254
[2026-04-11 12:40:42]   step 8600/30000, loss=0.022733, lr=0.000252
[2026-04-11 12:40:44]   step 8800/30000, loss=0.019941, lr=0.000250
[2026-04-11 12:40:46]   step 9000/30000, loss=0.020838, lr=0.000247
[2026-04-11 12:40:48]   step 9200/30000, loss=0.018019, lr=0.000245
[2026-04-11 12:40:50]   step 9400/30000, loss=0.019098, lr=0.000242
[2026-04-11 12:40:52]   step 9600/30000, loss=0.023525, lr=0.000239
[2026-04-11 12:40:54]   step 9800/30000, loss=0.021803, lr=0.000237
[2026-04-11 12:40:56]   step 10000/30000, loss=0.023011, lr=0.000234
[2026-04-11 12:40:56]   EVAL step 10000: MSE=0.021071, bits/pixel=0.8848
[2026-04-11 12:40:58]   step 10200/30000, loss=0.020651, lr=0.000231
[2026-04-11 12:41:00]   step 10400/30000, loss=0.019949, lr=0.000229
[2026-04-11 12:41:02]   step 10600/30000, loss=0.020748, lr=0.000226
[2026-04-11 12:41:04]   step 10800/30000, loss=0.020589, lr=0.000223
[2026-04-11 12:41:06]   step 11000/30000, loss=0.021621, lr=0.000220
[2026-04-11 12:41:08]   step 11200/30000, loss=0.020954, lr=0.000217
[2026-04-11 12:41:10]   step 11400/30000, loss=0.018797, lr=0.000214
[2026-04-11 12:41:12]   step 11600/30000, loss=0.021241, lr=0.000212
[2026-04-11 12:41:14]   step 11800/30000, loss=0.020161, lr=0.000209
[2026-04-11 12:41:16]   step 12000/30000, loss=0.019000, lr=0.000206
[2026-04-11 12:41:18]   step 12200/30000, loss=0.020835, lr=0.000202
[2026-04-11 12:41:20]   step 12400/30000, loss=0.019936, lr=0.000199
[2026-04-11 12:41:22]   step 12600/30000, loss=0.019860, lr=0.000196
[2026-04-11 12:41:24]   step 12800/30000, loss=0.018433, lr=0.000193
[2026-04-11 12:41:26]   step 13000/30000, loss=0.020562, lr=0.000190
[2026-04-11 12:41:28]   step 13200/30000, loss=0.017349, lr=0.000187
[2026-04-11 12:41:30]   step 13400/30000, loss=0.018409, lr=0.000184
[2026-04-11 12:41:32]   step 13600/30000, loss=0.017778, lr=0.000181
[2026-04-11 12:41:34]   step 13800/30000, loss=0.018351, lr=0.000177
[2026-04-11 12:41:36]   step 14000/30000, loss=0.018470, lr=0.000174
[2026-04-11 12:41:38]   step 14200/30000, loss=0.017947, lr=0.000171
[2026-04-11 12:41:40]   step 14400/30000, loss=0.017512, lr=0.000168
[2026-04-11 12:41:42]   step 14600/30000, loss=0.017797, lr=0.000165
[2026-04-11 12:41:44]   step 14800/30000, loss=0.018113, lr=0.000161
[2026-04-11 12:41:46]   step 15000/30000, loss=0.017419, lr=0.000158
[2026-04-11 12:41:46]   EVAL step 15000: MSE=0.021559, bits/pixel=0.8683
[2026-04-11 12:41:48]   step 15200/30000, loss=0.018175, lr=0.000155
[2026-04-11 12:41:50]   step 15400/30000, loss=0.017303, lr=0.000152
[2026-04-11 12:41:52]   step 15600/30000, loss=0.017465, lr=0.000148
[2026-04-11 12:41:54]   step 15800/30000, loss=0.016629, lr=0.000145
[2026-04-11 12:41:56]   step 16000/30000, loss=0.018626, lr=0.000142
[2026-04-11 12:41:58]   step 16200/30000, loss=0.017922, lr=0.000139
[2026-04-11 12:42:00]   step 16400/30000, loss=0.017134, lr=0.000135
[2026-04-11 12:42:02]   step 16600/30000, loss=0.017715, lr=0.000132
[2026-04-11 12:42:04]   step 16800/30000, loss=0.014736, lr=0.000129
[2026-04-11 12:42:06]   step 17000/30000, loss=0.014662, lr=0.000126
[2026-04-11 12:42:08]   step 17200/30000, loss=0.015337, lr=0.000123
[2026-04-11 12:42:10]   step 17400/30000, loss=0.014172, lr=0.000119
[2026-04-11 12:42:12]   step 17600/30000, loss=0.016848, lr=0.000116
[2026-04-11 12:42:14]   step 17800/30000, loss=0.015850, lr=0.000113
[2026-04-11 12:42:17]   step 18000/30000, loss=0.014880, lr=0.000110
[2026-04-11 12:42:24]   step 18200/30000, loss=0.013329, lr=0.000107
[2026-04-11 12:42:31]   step 18400/30000, loss=0.014347, lr=0.000104
[2026-04-11 12:42:39]   step 18600/30000, loss=0.014128, lr=0.000101
[2026-04-11 12:42:42]   step 18800/30000, loss=0.014056, lr=0.000098
[2026-04-11 12:42:44]   step 19000/30000, loss=0.015268, lr=0.000094
[2026-04-11 12:42:46]   step 19200/30000, loss=0.013625, lr=0.000091
[2026-04-11 12:42:49]   step 19400/30000, loss=0.015257, lr=0.000088
[2026-04-11 12:42:51]   step 19600/30000, loss=0.014310, lr=0.000086
[2026-04-11 12:42:54]   step 19800/30000, loss=0.013837, lr=0.000083
[2026-04-11 12:42:56]   step 20000/30000, loss=0.012226, lr=0.000080
[2026-04-11 12:42:56]   EVAL step 20000: MSE=0.022740, bits/pixel=0.8298
[2026-04-11 12:42:58]   step 20200/30000, loss=0.013093, lr=0.000077
[2026-04-11 12:43:00]   step 20400/30000, loss=0.013395, lr=0.000074
[2026-04-11 12:43:02]   step 20600/30000, loss=0.013602, lr=0.000071
[2026-04-11 12:43:04]   step 20800/30000, loss=0.012989, lr=0.000069
[2026-04-11 12:43:06]   step 21000/30000, loss=0.013742, lr=0.000066
[2026-04-11 12:43:08]   step 21200/30000, loss=0.013334, lr=0.000063
[2026-04-11 12:43:10]   step 21400/30000, loss=0.012324, lr=0.000061
[2026-04-11 12:43:12]   step 21600/30000, loss=0.013317, lr=0.000058
[2026-04-11 12:43:14]   step 21800/30000, loss=0.012850, lr=0.000055
[2026-04-11 12:43:16]   step 22000/30000, loss=0.012519, lr=0.000053
[2026-04-11 12:43:18]   step 22200/30000, loss=0.012848, lr=0.000050
[2026-04-11 12:43:20]   step 22400/30000, loss=0.013291, lr=0.000048
[2026-04-11 12:43:22]   step 22600/30000, loss=0.013099, lr=0.000046
[2026-04-11 12:43:24]   step 22800/30000, loss=0.011865, lr=0.000043
[2026-04-11 12:43:26]   step 23000/30000, loss=0.011817, lr=0.000041
[2026-04-11 12:43:28]   step 23200/30000, loss=0.012148, lr=0.000039
[2026-04-11 12:43:30]   step 23400/30000, loss=0.010995, lr=0.000037
[2026-04-11 12:43:32]   step 23600/30000, loss=0.010839, lr=0.000035
[2026-04-11 12:43:34]   step 23800/30000, loss=0.012242, lr=0.000033
[2026-04-11 12:43:36]   step 24000/30000, loss=0.012180, lr=0.000031
[2026-04-11 12:43:38]   step 24200/30000, loss=0.011854, lr=0.000029
[2026-04-11 12:43:40]   step 24400/30000, loss=0.011253, lr=0.000027
[2026-04-11 12:43:42]   step 24600/30000, loss=0.010387, lr=0.000025
[2026-04-11 12:43:44]   step 24800/30000, loss=0.011170, lr=0.000023
[2026-04-11 12:43:46]   step 25000/30000, loss=0.010566, lr=0.000021
[2026-04-11 12:43:46]   EVAL step 25000: MSE=0.024420, bits/pixel=0.7784
[2026-04-11 12:43:48]   step 25200/30000, loss=0.010744, lr=0.000020
[2026-04-11 12:43:50]   step 25400/30000, loss=0.010514, lr=0.000018
[2026-04-11 12:43:52]   step 25600/30000, loss=0.011003, lr=0.000017
[2026-04-11 12:43:54]   step 25800/30000, loss=0.010127, lr=0.000015
[2026-04-11 12:43:56]   step 26000/30000, loss=0.010629, lr=0.000014
[2026-04-11 12:43:58]   step 26200/30000, loss=0.010426, lr=0.000013
[2026-04-11 12:44:00]   step 26400/30000, loss=0.010642, lr=0.000011
[2026-04-11 12:44:02]   step 26600/30000, loss=0.010588, lr=0.000010
[2026-04-11 12:44:04]   step 26800/30000, loss=0.010645, lr=0.000009
[2026-04-11 12:44:06]   step 27000/30000, loss=0.010539, lr=0.000008
[2026-04-11 12:44:08]   step 27200/30000, loss=0.010314, lr=0.000007
[2026-04-11 12:44:10]   step 27400/30000, loss=0.010128, lr=0.000006
[2026-04-11 12:44:12]   step 27600/30000, loss=0.010210, lr=0.000005
[2026-04-11 12:44:14]   step 27800/30000, loss=0.010348, lr=0.000004
[2026-04-11 12:44:16]   step 28000/30000, loss=0.010926, lr=0.000004
[2026-04-11 12:44:19]   step 28200/30000, loss=0.010139, lr=0.000003
[2026-04-11 12:44:21]   step 28400/30000, loss=0.009615, lr=0.000002
[2026-04-11 12:44:23]   step 28600/30000, loss=0.009457, lr=0.000002
[2026-04-11 12:44:25]   step 28800/30000, loss=0.009738, lr=0.000001
[2026-04-11 12:44:28]   step 29000/30000, loss=0.010265, lr=0.000001
[2026-04-11 12:44:30]   step 29200/30000, loss=0.010658, lr=0.000001
[2026-04-11 12:44:32]   step 29400/30000, loss=0.009672, lr=0.000000
[2026-04-11 12:44:34]   step 29600/30000, loss=0.010689, lr=0.000000
[2026-04-11 12:44:36]   step 29800/30000, loss=0.009600, lr=0.000000
[2026-04-11 12:44:38]   step 30000/30000, loss=0.010089, lr=0.000000
[2026-04-11 12:44:38]   EVAL step 30000: MSE=0.024916, bits/pixel=0.7639
[2026-04-11 12:44:38] Training complete: 0.09h, 14,353,728 params
[2026-04-11 12:44:38] 
Evaluating shuffling cascade (seed=137)...
[2026-04-11 12:44:39]   original                 : MSE=0.025045, bits/pixel=0.7601, bits/patch=145.95
[2026-04-11 12:44:40]   quadrant_shuffled        : MSE=0.046852, bits/pixel=0.3084, bits/patch=59.21
[2026-04-11 12:44:40]   patch_shuffled           : MSE=0.080274, bits/pixel=0.0000, bits/patch=0.00
[2026-04-11 12:44:41]   row_shuffled             : MSE=0.095024, bits/pixel=0.0000, bits/patch=0.00
[2026-04-11 12:44:41]   pixel_shuffled           : MSE=0.088777, bits/pixel=0.0000, bits/patch=0.00
[2026-04-11 12:44:41] 
  STRUCTURAL BONUS (seed=137): -0.7601 bits/pixel
[2026-04-11 12:44:41]   (Language structural bonus from Paper 6: ~6.7 bits/token)
