[2026-04-15 20:04:42] ============================================================
[2026-04-15 20:04:42] ROBUST EXPERIMENT SUITE
[2026-04-15 20:04:42] Publication-quality: train from scratch, multiple seeds, error bars
[2026-04-15 20:04:42] GPU-aware: yields to other users automatically
[2026-04-15 20:04:42] ============================================================
[2026-04-15 20:04:42]   GPU: 641/32607 MB (1% mem), 31966 MB free
[2026-04-15 20:04:42] 
============================================================
[2026-04-15 20:04:42] >>> R1: PCFG depth sweep (train from scratch)
[2026-04-15 20:04:42] ============================================================
[2026-04-15 20:04:42] 
============================================================
[2026-04-15 20:04:42] R1: PCFG DEPTH SWEEP — TRAINING FROM SCRATCH
[2026-04-15 20:04:42] Train 25M-param transformer on PCFG at depths 0-6 + salad
[2026-04-15 20:04:42] 3 seeds per depth for error bars
[2026-04-15 20:04:42] ============================================================
[2026-04-15 20:04:43]   Training on depth_0 (seed 42)...
[2026-04-15 20:04:46]     Model: 70.6M params
[2026-04-15 20:04:46]   GPU: 1435/32607 MB (4% mem), 31172 MB free
[2026-04-15 20:04:53]     Epoch 4: train_loss=2.2395
[2026-04-15 20:04:53]     depth_0 seed=42: eval_BPT=3.2189
[2026-04-15 20:04:53]   Training on depth_0 (seed 137)...
[2026-04-15 20:05:02]     Epoch 4: train_loss=2.2402
[2026-04-15 20:05:02]     depth_0 seed=137: eval_BPT=3.2163
[2026-04-15 20:05:02]   Training on depth_0 (seed 271)...
[2026-04-15 20:05:11]     Epoch 4: train_loss=2.2397
[2026-04-15 20:05:12]     depth_0 seed=271: eval_BPT=3.2167
[2026-04-15 20:05:12]   Training on depth_1 (seed 42)...
[2026-04-15 20:05:20]     Epoch 4: train_loss=2.5338
[2026-04-15 20:05:20]     depth_1 seed=42: eval_BPT=3.6372
[2026-04-15 20:05:20]   Training on depth_1 (seed 137)...
[2026-04-15 20:05:29]     Epoch 4: train_loss=2.5339
[2026-04-15 20:05:29]     depth_1 seed=137: eval_BPT=3.6408
[2026-04-15 20:05:29]   Training on depth_1 (seed 271)...
[2026-04-15 20:05:37]     Epoch 4: train_loss=2.5310
[2026-04-15 20:05:38]     depth_1 seed=271: eval_BPT=3.6396
[2026-04-15 20:05:38]   Training on depth_2 (seed 42)...
[2026-04-15 20:05:46]     Epoch 4: train_loss=2.5907
[2026-04-15 20:05:46]     depth_2 seed=42: eval_BPT=3.7249
[2026-04-15 20:05:46]   Training on depth_2 (seed 137)...
[2026-04-15 20:05:54]     Epoch 4: train_loss=2.5919
[2026-04-15 20:05:55]     depth_2 seed=137: eval_BPT=3.7257
[2026-04-15 20:05:55]   Training on depth_2 (seed 271)...
[2026-04-15 20:06:03]     Epoch 4: train_loss=2.5899
[2026-04-15 20:06:03]     depth_2 seed=271: eval_BPT=3.7194
[2026-04-15 20:06:03]   Training on depth_3 (seed 42)...
[2026-04-15 20:06:12]     Epoch 4: train_loss=2.6154
[2026-04-15 20:06:12]     depth_3 seed=42: eval_BPT=3.7560
[2026-04-15 20:06:12]   Training on depth_3 (seed 137)...
[2026-04-15 20:06:20]     Epoch 4: train_loss=2.6150
[2026-04-15 20:06:20]     depth_3 seed=137: eval_BPT=3.7578
[2026-04-15 20:06:20]   Training on depth_3 (seed 271)...
[2026-04-15 20:06:29]     Epoch 4: train_loss=2.6148
[2026-04-15 20:06:29]     depth_3 seed=271: eval_BPT=3.7576
[2026-04-15 20:06:29]   Training on depth_4 (seed 42)...
[2026-04-15 20:06:37]     Epoch 4: train_loss=2.6289
[2026-04-15 20:06:37]     depth_4 seed=42: eval_BPT=3.7735
[2026-04-15 20:06:37]   Training on depth_4 (seed 137)...
[2026-04-15 20:06:46]     Epoch 4: train_loss=2.6308
[2026-04-15 20:06:46]     depth_4 seed=137: eval_BPT=3.7750
[2026-04-15 20:06:46]   Training on depth_4 (seed 271)...
[2026-04-15 20:06:54]     Epoch 4: train_loss=2.6281
[2026-04-15 20:06:54]     depth_4 seed=271: eval_BPT=3.7726
[2026-04-15 20:06:54]   Training on depth_5 (seed 42)...
[2026-04-15 20:07:03]     Epoch 4: train_loss=2.6372
[2026-04-15 20:07:03]     depth_5 seed=42: eval_BPT=3.7844
[2026-04-15 20:07:03]   Training on depth_5 (seed 137)...
[2026-04-15 20:07:11]     Epoch 4: train_loss=2.6373
[2026-04-15 20:07:11]     depth_5 seed=137: eval_BPT=3.7844
[2026-04-15 20:07:11]   Training on depth_5 (seed 271)...
[2026-04-15 20:07:20]     Epoch 4: train_loss=2.6348
[2026-04-15 20:07:20]     depth_5 seed=271: eval_BPT=3.7828
[2026-04-15 20:07:20]   Training on depth_6 (seed 42)...
[2026-04-15 20:07:28]     Epoch 4: train_loss=2.6408
[2026-04-15 20:07:28]     depth_6 seed=42: eval_BPT=3.7908
[2026-04-15 20:07:28]   Training on depth_6 (seed 137)...
[2026-04-15 20:07:37]     Epoch 4: train_loss=2.6419
[2026-04-15 20:07:37]     depth_6 seed=137: eval_BPT=3.7901
[2026-04-15 20:07:37]   Training on depth_6 (seed 271)...
[2026-04-15 20:07:45]     Epoch 4: train_loss=2.6394
[2026-04-15 20:07:45]     depth_6 seed=271: eval_BPT=3.7887
[2026-04-15 20:07:45]   Training on salad (seed 42)...
[2026-04-15 20:07:52]     Epoch 4: train_loss=4.1424
[2026-04-15 20:07:53]     salad seed=42: eval_BPT=5.9691
[2026-04-15 20:07:53]   Training on salad (seed 137)...
[2026-04-15 20:08:00]     Epoch 4: train_loss=4.1427
[2026-04-15 20:08:00]     salad seed=137: eval_BPT=5.9655
[2026-04-15 20:08:00]   Training on salad (seed 271)...
[2026-04-15 20:08:07]     Epoch 4: train_loss=4.1422
[2026-04-15 20:08:07]     salad seed=271: eval_BPT=5.9696
[2026-04-15 20:08:08] R1 COMPLETE
[2026-04-15 20:08:08] 
============================================================
[2026-04-15 20:08:08] >>> R2: Multilingual τ (expanded)
[2026-04-15 20:08:08] ============================================================
[2026-04-15 20:08:08] 
============================================================
[2026-04-15 20:08:08] R2: MULTILINGUAL τ — EXPANDED
[2026-04-15 20:08:08] 5+ domains, 4 models, means ± std
[2026-04-15 20:08:08] ============================================================
[2026-04-15 20:08:09]   Loading corpora...
[2026-04-15 20:08:11]     English: 300000 chars
[2026-04-15 20:08:13]     German: 300000 chars
[2026-04-15 20:08:15]     French: 300000 chars
[2026-04-15 20:08:17]     Spanish: 300000 chars
[2026-04-15 20:08:17]     Python stack FAILED: Dataset 'bigcode/the-stack-smol' is a gated dataset on the Hub. Visit the dataset page at https://huggingface.co/datasets/bigcode/the-stack-smol to ask for access.
[2026-04-15 20:08:17]     Python (synthetic): 220297 chars
[2026-04-15 20:08:17]     DNA: 300000 chars
[2026-04-15 20:08:19]     Medical: 300000 chars
[2026-04-15 20:08:19] 
  Loading Pythia-160M...
[2026-04-15 20:08:20]   GPU: 1655/32607 MB (5% mem), 30952 MB free
[2026-04-15 20:08:20]     Pythia-160M × english...
[2026-04-15 20:08:20]       BPT=4.9359, bits/char=1.1220, bits/byte=1.1204
[2026-04-15 20:08:20]     Pythia-160M × german...
[2026-04-15 20:08:21]       BPT=4.1573, bits/char=1.5134, bits/byte=1.4572
[2026-04-15 20:08:21]     Pythia-160M × french...
[2026-04-15 20:08:21]       BPT=4.2750, bits/char=1.3498, bits/byte=1.3054
[2026-04-15 20:08:21]     Pythia-160M × spanish...
[2026-04-15 20:08:22]       BPT=4.2808, bits/char=1.3089, bits/byte=1.2814
[2026-04-15 20:08:22]     Pythia-160M × python_code...
[2026-04-15 20:08:22]       BPT=2.1908, bits/char=0.7608, bits/byte=0.7608
[2026-04-15 20:08:22]     Pythia-160M × dna_sequence...
[2026-04-15 20:08:22]       BPT=4.6687, bits/char=2.1220, bits/byte=2.1220
[2026-04-15 20:08:22]     Pythia-160M × medical_pubmed...
[2026-04-15 20:08:23]       BPT=4.6794, bits/char=0.9334, bits/byte=0.9334
[2026-04-15 20:08:23] 
  Loading Pythia-410M...
[2026-04-15 20:08:24]   GPU: 2347/32607 MB (7% mem), 30260 MB free
[2026-04-15 20:08:24]     Pythia-410M × english...
[2026-04-15 20:08:25]       BPT=4.2012, bits/char=0.9550, bits/byte=0.9536
[2026-04-15 20:08:25]     Pythia-410M × german...
[2026-04-15 20:08:26]       BPT=3.5397, bits/char=1.2886, bits/byte=1.2407
[2026-04-15 20:08:26]     Pythia-410M × french...
[2026-04-15 20:08:27]       BPT=3.5373, bits/char=1.1168, bits/byte=1.0802
[2026-04-15 20:08:27]     Pythia-410M × spanish...
[2026-04-15 20:08:27]       BPT=3.5553, bits/char=1.0870, bits/byte=1.0642
[2026-04-15 20:08:27]     Pythia-410M × python_code...
[2026-04-15 20:08:28]       BPT=1.8085, bits/char=0.6280, bits/byte=0.6280
[2026-04-15 20:08:28]     Pythia-410M × dna_sequence...
[2026-04-15 20:08:29]       BPT=4.5120, bits/char=2.0508, bits/byte=2.0508
[2026-04-15 20:08:29]     Pythia-410M × medical_pubmed...
[2026-04-15 20:08:29]       BPT=4.0120, bits/char=0.8003, bits/byte=0.8003
[2026-04-15 20:08:30] 
  Loading Pythia-1.4B...
[2026-04-15 20:08:33]   GPU: 4401/32607 MB (13% mem), 28206 MB free
[2026-04-15 20:08:33]     Pythia-1.4B × english...
[2026-04-15 20:08:35]       BPT=3.7460, bits/char=0.8515, bits/byte=0.8503
[2026-04-15 20:08:35]     Pythia-1.4B × german...
[2026-04-15 20:08:36]       BPT=3.0978, bits/char=1.1277, bits/byte=1.0859
[2026-04-15 20:08:36]     Pythia-1.4B × french...
[2026-04-15 20:08:38]       BPT=3.1008, bits/char=0.9790, bits/byte=0.9469
[2026-04-15 20:08:38]     Pythia-1.4B × spanish...
[2026-04-15 20:08:40]       BPT=3.1251, bits/char=0.9555, bits/byte=0.9354
[2026-04-15 20:08:40]     Pythia-1.4B × python_code...
[2026-04-15 20:08:42]       BPT=1.6322, bits/char=0.5668, bits/byte=0.5668
[2026-04-15 20:08:42]     Pythia-1.4B × dna_sequence...
[2026-04-15 20:08:43]       BPT=4.4906, bits/char=2.0411, bits/byte=2.0411
[2026-04-15 20:08:43]     Pythia-1.4B × medical_pubmed...
[2026-04-15 20:08:45]       BPT=3.6309, bits/char=0.7243, bits/byte=0.7243
[2026-04-15 20:08:45] 
  Loading GPT-2-medium...
[2026-04-15 20:08:47]   GPU: 2557/32607 MB (7% mem), 30050 MB free
[2026-04-15 20:08:47]     GPT-2-medium × english...
[2026-04-15 20:08:47]       BPT=4.4414, bits/char=1.0031, bits/byte=1.0017
[2026-04-15 20:08:47]     GPT-2-medium × german...
[2026-04-15 20:08:48]       BPT=4.3463, bits/char=1.6813, bits/byte=1.6189
[2026-04-15 20:08:48]     GPT-2-medium × french...
[2026-04-15 20:08:49]       BPT=5.1440, bits/char=1.7827, bits/byte=1.7242
[2026-04-15 20:08:49]     GPT-2-medium × spanish...
[2026-04-15 20:08:50]       BPT=5.2522, bits/char=1.8121, bits/byte=1.7740
[2026-04-15 20:08:50]     GPT-2-medium × python_code...
[2026-04-15 20:08:51]       BPT=1.6116, bits/char=0.8997, bits/byte=0.8997
[2026-04-15 20:08:51]     GPT-2-medium × dna_sequence...
[2026-04-15 20:08:52]       BPT=4.0595, bits/char=2.1421, bits/byte=2.1421
[2026-04-15 20:08:52]     GPT-2-medium × medical_pubmed...
[2026-04-15 20:08:52]       BPT=4.3850, bits/char=0.9104, bits/byte=0.9104
[2026-04-15 20:08:53] R2 COMPLETE
[2026-04-15 20:08:53] 
============================================================
[2026-04-15 20:08:53] >>> R3: Visual entropy (trained AE)
[2026-04-15 20:08:53] ============================================================
[2026-04-15 20:08:53] 
============================================================
[2026-04-15 20:08:53] R3: VISUAL ENTROPY — TRAIN AUTOENCODER FROM SCRATCH
[2026-04-15 20:08:53] Train ConvAE on images at 7 entropy levels, 3 seeds
[2026-04-15 20:08:53] ============================================================
[2026-04-15 20:08:53]   Training AE on level 0 (uniform), seed 42...
[2026-04-15 20:08:53]     Model: 7.6M params
[2026-04-15 20:08:53]   GPU: 1329/32607 MB (4% mem), 31278 MB free
[2026-04-15 20:09:01]     level 0 seed 42: MSE=0.000005, bits/pixel≈3.6509
[2026-04-15 20:09:01]   Training AE on level 0 (uniform), seed 137...
[2026-04-15 20:09:09]     level 0 seed 137: MSE=0.000269, bits/pixel≈12.3312
[2026-04-15 20:09:09]   Training AE on level 0 (uniform), seed 271...
[2026-04-15 20:09:17]     level 0 seed 271: MSE=0.000005, bits/pixel≈3.5072
[2026-04-15 20:09:17]   Training AE on level 1 (4-color), seed 42...
[2026-04-15 20:09:27]     level 1 seed 42: MSE=0.062697, bits/pixel≈24.1312
[2026-04-15 20:09:27]   Training AE on level 1 (4-color), seed 137...
[2026-04-15 20:09:36]     level 1 seed 137: MSE=0.062802, bits/pixel≈24.1348
[2026-04-15 20:09:36]   Training AE on level 1 (4-color), seed 271...
[2026-04-15 20:09:45]     level 1 seed 271: MSE=0.062630, bits/pixel≈24.1289
[2026-04-15 20:09:45]   Training AE on level 2 (16-color-blocks), seed 42...
[2026-04-15 20:09:54]     level 2 seed 42: MSE=0.017527, bits/pixel≈21.3729
[2026-04-15 20:09:54]   Training AE on level 2 (16-color-blocks), seed 137...
[2026-04-15 20:10:03]     level 2 seed 137: MSE=0.017691, bits/pixel≈21.3931
[2026-04-15 20:10:03]   Training AE on level 2 (16-color-blocks), seed 271...
[2026-04-15 20:10:12]     level 2 seed 271: MSE=0.018127, bits/pixel≈21.4458
[2026-04-15 20:10:13]   Training AE on level 3 (16-color-pixels), seed 42...
[2026-04-15 20:10:22]     level 3 seed 42: MSE=0.078739, bits/pixel≈24.6242
[2026-04-15 20:10:22]   Training AE on level 3 (16-color-pixels), seed 137...
[2026-04-15 20:10:31]     level 3 seed 137: MSE=0.078889, bits/pixel≈24.6283
[2026-04-15 20:10:31]   Training AE on level 3 (16-color-pixels), seed 271...
[2026-04-15 20:10:40]     level 3 seed 271: MSE=0.078573, bits/pixel≈24.6196
[2026-04-15 20:10:40]   Training AE on level 4 (smooth+noise), seed 42...
[2026-04-15 20:10:56]     level 4 seed 42: MSE=0.008794, bits/pixel≈19.8804
[2026-04-15 20:10:56]   Training AE on level 4 (smooth+noise), seed 137...
[2026-04-15 20:11:12]     level 4 seed 137: MSE=0.008751, bits/pixel≈19.8699
[2026-04-15 20:11:12]   Training AE on level 4 (smooth+noise), seed 271...
[2026-04-15 20:11:28]     level 4 seed 271: MSE=0.008708, bits/pixel≈19.8592
[2026-04-15 20:11:28]   Training AE on level 5 (gaussian-noise), seed 42...
[2026-04-15 20:11:42]     level 5 seed 42: MSE=0.038903, bits/pixel≈23.0984
[2026-04-15 20:11:42]   Training AE on level 5 (gaussian-noise), seed 137...
[2026-04-15 20:11:55]     level 5 seed 137: MSE=0.039101, bits/pixel≈23.1094
[2026-04-15 20:11:55]   Training AE on level 5 (gaussian-noise), seed 271...
[2026-04-15 20:12:08]     level 5 seed 271: MSE=0.039105, bits/pixel≈23.1096
[2026-04-15 20:12:08]   Training AE on level 6 (uniform-noise), seed 42...
[2026-04-15 20:12:17]     level 6 seed 42: MSE=0.083303, bits/pixel≈24.7461
[2026-04-15 20:12:17]   Training AE on level 6 (uniform-noise), seed 137...
[2026-04-15 20:12:26]     level 6 seed 137: MSE=0.083295, bits/pixel≈24.7459
[2026-04-15 20:12:26]   Training AE on level 6 (uniform-noise), seed 271...
[2026-04-15 20:12:35]     level 6 seed 271: MSE=0.083293, bits/pixel≈24.7459
[2026-04-15 20:12:35] R3 COMPLETE
[2026-04-15 20:12:36] 
============================================================
[2026-04-15 20:12:36] >>> R4: Structural bonus (multi-model)
[2026-04-15 20:12:36] ============================================================
[2026-04-15 20:12:36] 
============================================================
[2026-04-15 20:12:36] R4: STRUCTURAL BONUS — MULTI-MODEL, ERROR BARS
[2026-04-15 20:12:36] 3 models × 4 quant methods × 3 corpus seeds
[2026-04-15 20:12:36] ============================================================
[2026-04-15 20:12:38]   Pythia-160M × FP16...
[2026-04-15 20:12:38]   GPU: 1673/32607 MB (5% mem), 30934 MB free
[2026-04-15 20:12:39]     Pythia-160M FP16 seed=42: bonus=5.6148
[2026-04-15 20:12:40]     Pythia-160M FP16 seed=137: bonus=5.6226
[2026-04-15 20:12:41]     Pythia-160M FP16 seed=271: bonus=5.6022
[2026-04-15 20:12:41]   Pythia-160M × BNB_NF4...
[2026-04-15 20:12:43]   GPU: 1793/32607 MB (5% mem), 30814 MB free
[2026-04-15 20:12:44]     Pythia-160M BNB_NF4 seed=42: bonus=5.4270
[2026-04-15 20:12:45]     Pythia-160M BNB_NF4 seed=137: bonus=5.4505
[2026-04-15 20:12:46]     Pythia-160M BNB_NF4 seed=271: bonus=5.4253
[2026-04-15 20:12:46]   Pythia-160M × SYM_INT4...
[2026-04-15 20:12:49]   GPU: 1935/32607 MB (5% mem), 30672 MB free
[2026-04-15 20:12:49]     Pythia-160M SYM_INT4 seed=42: bonus=1.0829
[2026-04-15 20:12:50]     Pythia-160M SYM_INT4 seed=137: bonus=0.9293
[2026-04-15 20:12:51]     Pythia-160M SYM_INT4 seed=271: bonus=1.1970
[2026-04-15 20:12:51]   Pythia-160M × SYM_INT8...
[2026-04-15 20:12:53]   GPU: 2039/32607 MB (6% mem), 30568 MB free
[2026-04-15 20:12:54]     Pythia-160M SYM_INT8 seed=42: bonus=5.2931
[2026-04-15 20:12:55]     Pythia-160M SYM_INT8 seed=137: bonus=5.3090
[2026-04-15 20:12:56]     Pythia-160M SYM_INT8 seed=271: bonus=5.2907
[2026-04-15 20:12:57]   Pythia-410M × FP16...
[2026-04-15 20:12:58]   GPU: 2501/32607 MB (7% mem), 30106 MB free
[2026-04-15 20:12:59]     Pythia-410M FP16 seed=42: bonus=5.9336
[2026-04-15 20:13:00]     Pythia-410M FP16 seed=137: bonus=5.9195
[2026-04-15 20:13:02]     Pythia-410M FP16 seed=271: bonus=5.9254
[2026-04-15 20:13:02]   Pythia-410M × BNB_NF4...
[2026-04-15 20:13:03]   GPU: 2531/32607 MB (7% mem), 30076 MB free
[2026-04-15 20:13:04]     Pythia-410M BNB_NF4 seed=42: bonus=5.7852
[2026-04-15 20:13:06]     Pythia-410M BNB_NF4 seed=137: bonus=5.7710
[2026-04-15 20:13:07]     Pythia-410M BNB_NF4 seed=271: bonus=5.7775
[2026-04-15 20:13:07]   Pythia-410M × SYM_INT4...
[2026-04-15 20:13:12]   GPU: 2711/32607 MB (8% mem), 29896 MB free
[2026-04-15 20:13:13]     Pythia-410M SYM_INT4 seed=42: bonus=0.1401
[2026-04-15 20:13:14]     Pythia-410M SYM_INT4 seed=137: bonus=0.2604
[2026-04-15 20:13:16]     Pythia-410M SYM_INT4 seed=271: bonus=0.2666
[2026-04-15 20:13:16]   Pythia-410M × SYM_INT8...
[2026-04-15 20:13:20]   GPU: 2691/32607 MB (8% mem), 29916 MB free
[2026-04-15 20:13:21]     Pythia-410M SYM_INT8 seed=42: bonus=5.7244
[2026-04-15 20:13:23]     Pythia-410M SYM_INT8 seed=137: bonus=5.7004
[2026-04-15 20:13:24]     Pythia-410M SYM_INT8 seed=271: bonus=5.7226
[2026-04-15 20:13:25]   GPT-2-medium × FP16...
[2026-04-15 20:13:26]   GPU: 2705/32607 MB (8% mem), 29902 MB free
[2026-04-15 20:13:27]     GPT-2-medium FP16 seed=42: bonus=6.0997
[2026-04-15 20:13:28]     GPT-2-medium FP16 seed=137: bonus=6.0852
[2026-04-15 20:13:30]     GPT-2-medium FP16 seed=271: bonus=6.0883
[2026-04-15 20:13:30]   GPT-2-medium × BNB_NF4...
[2026-04-15 20:13:31]   GPU: 2645/32607 MB (8% mem), 29962 MB free
[2026-04-15 20:13:33]     GPT-2-medium BNB_NF4 seed=42: bonus=6.0934
[2026-04-15 20:13:34]     GPT-2-medium BNB_NF4 seed=137: bonus=6.0776
[2026-04-15 20:13:35]     GPT-2-medium BNB_NF4 seed=271: bonus=6.0793
[2026-04-15 20:13:35]   GPT-2-medium × SYM_INT4...
[2026-04-15 20:13:38]   GPU: 2483/32607 MB (7% mem), 30124 MB free
[2026-04-15 20:13:39]     GPT-2-medium SYM_INT4 seed=42: bonus=0.1290
[2026-04-15 20:13:41]     GPT-2-medium SYM_INT4 seed=137: bonus=0.1249
[2026-04-15 20:13:42]     GPT-2-medium SYM_INT4 seed=271: bonus=0.1606
[2026-04-15 20:13:42]   GPT-2-medium × SYM_INT8...
[2026-04-15 20:13:45]   GPU: 2483/32607 MB (7% mem), 30124 MB free
[2026-04-15 20:13:46]     GPT-2-medium SYM_INT8 seed=42: bonus=6.0508
[2026-04-15 20:13:47]     GPT-2-medium SYM_INT8 seed=137: bonus=6.0391
[2026-04-15 20:13:49]     GPT-2-medium SYM_INT8 seed=271: bonus=6.0330
[2026-04-15 20:13:49] R4 COMPLETE
[2026-04-15 20:13:49] 
============================================================
[2026-04-15 20:13:49] ROBUST EXPERIMENT SUITE COMPLETE
[2026-04-15 20:13:49] ============================================================
[2026-04-15 20:13:50]   GPU: 2035/32607 MB (6% mem), 30572 MB free
